<?xml version="1.0" encoding="UTF-8"?>
<!-- Generated by org.testng.reporters.JUnitReportReporter -->
<testsuite hostname="DESKTOP-KHES326" failures="0" tests="1" name="Parallel01IT" time="38.057" errors="0" timestamp="21 Kas 2021 19:50:57 GMT" skipped="0">
  <testcase classname="Parallel01IT" name="runScenario" time="38.057"/>
</testsuite> <!-- Parallel01IT -->
